05-18 02:38 - INFO - Experiment name: RELGNN
05-18 02:38 - INFO - Git SHA: 01a98d
05-18 02:42 - INFO - 
05-18 02:42 - INFO - Iter: 0-0, Avg_loss: 0.64, 0.79, 3.05, 3.81, LR (0.002000), Best (0)
05-18 02:44 - INFO - Valid: UAS=0.315675, LAS=0.183818
05-18 02:44 - INFO - Test: UAS=0.321348, LAS=0.186760
05-18 02:48 - INFO - 
05-18 02:48 - INFO - Iter: 1-800, Avg_loss: 1.42, 0.53, 0.57, 0.43, LR (0.001943), Best (0)
05-18 02:49 - INFO - Valid: UAS=0.919567, LAS=0.892616
05-18 02:49 - INFO - Test: UAS=0.918285, LAS=0.893853
05-18 02:53 - INFO - 
05-18 02:53 - INFO - Iter: 2-1600, Avg_loss: 1.15, 0.47, 0.48, 0.29, LR (0.001888), Best (1)
05-18 02:55 - INFO - Valid: UAS=0.928974, LAS=0.903177
05-18 02:55 - INFO - Test: UAS=0.928607, LAS=0.905538
05-18 02:59 - INFO - 
05-18 02:59 - INFO - Iter: 3-2400, Avg_loss: 1.07, 0.45, 0.44, 0.27, LR (0.001835), Best (2)
05-18 03:00 - INFO - Valid: UAS=0.932297, LAS=0.908218
05-18 03:00 - INFO - Test: UAS=0.932275, LAS=0.910308
05-18 03:04 - INFO - 
05-18 03:04 - INFO - Iter: 4-3200, Avg_loss: 1.01, 0.42, 0.42, 0.25, LR (0.001783), Best (3)
05-18 03:06 - INFO - Valid: UAS=0.936409, LAS=0.913203
05-18 03:06 - INFO - Test: UAS=0.936103, LAS=0.914116
05-18 03:10 - INFO - 
05-18 03:10 - INFO - Iter: 5-4000, Avg_loss: 0.97, 0.41, 0.41, 0.24, LR (0.001732), Best (4)
05-18 03:11 - INFO - Valid: UAS=0.939056, LAS=0.916526
05-18 03:11 - INFO - Test: UAS=0.939410, LAS=0.918025
05-18 03:15 - INFO - 
05-18 03:15 - INFO - Iter: 6-4800, Avg_loss: 0.95, 0.4, 0.39, 0.24, LR (0.001683), Best (5)
05-18 03:16 - INFO - Valid: UAS=0.941844, LAS=0.920159
05-18 03:17 - INFO - Test: UAS=0.942878, LAS=0.921692
05-18 03:21 - INFO - 
05-18 03:21 - INFO - Iter: 7-5600, Avg_loss: 0.92, 0.39, 0.38, 0.23, LR (0.001635), Best (6)
05-18 03:22 - INFO - Valid: UAS=0.942013, LAS=0.920638
05-18 03:22 - INFO - Test: UAS=0.942357, LAS=0.922314
05-18 03:26 - INFO - 
05-18 03:26 - INFO - Iter: 8-6400, Avg_loss: 0.9, 0.38, 0.37, 0.22, LR (0.001589), Best (7)
05-18 03:27 - INFO - Valid: UAS=0.944801, LAS=0.922327
05-18 03:28 - INFO - Test: UAS=0.944481, LAS=0.924498
05-18 03:32 - INFO - 
05-18 03:32 - INFO - Iter: 9-7200, Avg_loss: 0.88, 0.37, 0.36, 0.22, LR (0.001544), Best (8)
05-18 03:33 - INFO - Valid: UAS=0.945055, LAS=0.923003
05-18 03:33 - INFO - Test: UAS=0.946606, LAS=0.926803
05-18 03:37 - INFO - 
05-18 03:37 - INFO - Iter: 10-8000, Avg_loss: 0.86, 0.36, 0.36, 0.21, LR (0.001500), Best (9)
05-18 03:38 - INFO - Valid: UAS=0.946406, LAS=0.924665
05-18 03:39 - INFO - Test: UAS=0.948289, LAS=0.927846
05-18 03:43 - INFO - 
05-18 03:43 - INFO - Iter: 11-8800, Avg_loss: 0.85, 0.36, 0.35, 0.21, LR (0.001457), Best (10)
05-18 03:44 - INFO - Valid: UAS=0.946266, LAS=0.924327
05-18 03:44 - INFO - Test: UAS=0.947027, LAS=0.927104
05-18 03:48 - INFO - 
05-18 03:48 - INFO - Iter: 12-9600, Avg_loss: 0.83, 0.35, 0.34, 0.21, LR (0.001416), Best (10)
05-18 03:49 - INFO - Valid: UAS=0.947702, LAS=0.926524
05-18 03:50 - INFO - Test: UAS=0.949732, LAS=0.930030
05-18 03:54 - INFO - 
05-18 03:54 - INFO - Iter: 13-10400, Avg_loss: 0.82, 0.35, 0.34, 0.21, LR (0.001376), Best (12)
05-18 03:55 - INFO - Valid: UAS=0.948828, LAS=0.928101
05-18 03:55 - INFO - Test: UAS=0.950153, LAS=0.930652
05-18 03:59 - INFO - 
05-18 03:59 - INFO - Iter: 14-11200, Avg_loss: 0.81, 0.34, 0.33, 0.2, LR (0.001337), Best (13)
05-18 04:01 - INFO - Valid: UAS=0.949645, LAS=0.928608
05-18 04:01 - INFO - Test: UAS=0.950013, LAS=0.930672
05-18 04:05 - INFO - 
05-18 04:05 - INFO - Iter: 15-12000, Avg_loss: 0.8, 0.34, 0.33, 0.2, LR (0.001299), Best (14)
05-18 04:06 - INFO - Valid: UAS=0.949899, LAS=0.929143
05-18 04:07 - INFO - Test: UAS=0.951276, LAS=0.931694
05-18 04:11 - INFO - 
05-18 04:11 - INFO - Iter: 16-12800, Avg_loss: 0.79, 0.33, 0.33, 0.2, LR (0.001262), Best (15)
05-18 04:12 - INFO - Valid: UAS=0.950631, LAS=0.929875
05-18 04:12 - INFO - Test: UAS=0.951496, LAS=0.932896
05-18 04:16 - INFO - 
05-18 04:16 - INFO - Iter: 17-13600, Avg_loss: 0.77, 0.33, 0.32, 0.2, LR (0.001226), Best (16)
05-18 04:17 - INFO - Valid: UAS=0.949532, LAS=0.929284
05-18 04:17 - INFO - Test: UAS=0.951055, LAS=0.931974
05-18 04:22 - INFO - 
05-18 04:22 - INFO - Iter: 18-14400, Avg_loss: 0.77, 0.32, 0.32, 0.19, LR (0.001192), Best (16)
05-18 04:23 - INFO - Valid: UAS=0.951138, LAS=0.931030
05-18 04:23 - INFO - Test: UAS=0.951035, LAS=0.932395
05-18 04:27 - INFO - 
05-18 04:27 - INFO - Iter: 19-15200, Avg_loss: 0.76, 0.32, 0.31, 0.19, LR (0.001158), Best (18)
05-18 04:28 - INFO - Valid: UAS=0.950462, LAS=0.930579
05-18 04:28 - INFO - Test: UAS=0.951576, LAS=0.932876
05-18 04:32 - INFO - 
05-18 04:32 - INFO - Iter: 20-16000, Avg_loss: 0.75, 0.32, 0.31, 0.19, LR (0.001125), Best (18)
05-18 04:33 - INFO - Valid: UAS=0.952292, LAS=0.932184
05-18 04:34 - INFO - Test: UAS=0.952057, LAS=0.933418
05-18 04:38 - INFO - 
05-18 04:38 - INFO - Iter: 21-16800, Avg_loss: 0.74, 0.31, 0.3, 0.19, LR (0.001093), Best (20)
05-18 04:39 - INFO - Valid: UAS=0.950349, LAS=0.930466
05-18 04:39 - INFO - Test: UAS=0.953801, LAS=0.935061
05-18 04:43 - INFO - 
05-18 04:43 - INFO - Iter: 22-17600, Avg_loss: 0.74, 0.31, 0.3, 0.19, LR (0.001062), Best (20)
05-18 04:44 - INFO - Valid: UAS=0.951617, LAS=0.931621
05-18 04:44 - INFO - Test: UAS=0.954042, LAS=0.935682
05-18 04:48 - INFO - 
05-18 04:48 - INFO - Iter: 23-18400, Avg_loss: 0.73, 0.31, 0.3, 0.18, LR (0.001032), Best (20)
05-18 04:49 - INFO - Valid: UAS=0.952208, LAS=0.932015
05-18 04:49 - INFO - Test: UAS=0.954262, LAS=0.935742
05-18 04:53 - INFO - 
05-18 04:53 - INFO - Iter: 24-19200, Avg_loss: 0.73, 0.31, 0.3, 0.18, LR (0.001003), Best (20)
05-18 04:54 - INFO - Valid: UAS=0.952377, LAS=0.932522
05-18 04:55 - INFO - Test: UAS=0.954964, LAS=0.936163
05-18 04:59 - INFO - 
05-18 04:59 - INFO - Iter: 25-20000, Avg_loss: 0.71, 0.3, 0.29, 0.18, LR (0.000974), Best (24)
05-18 05:00 - INFO - Valid: UAS=0.952067, LAS=0.931959
05-18 05:00 - INFO - Test: UAS=0.954382, LAS=0.935823
05-18 05:04 - INFO - 
05-18 05:04 - INFO - Iter: 26-20800, Avg_loss: 0.71, 0.3, 0.29, 0.18, LR (0.000947), Best (24)
05-18 05:05 - INFO - Valid: UAS=0.952743, LAS=0.933339
05-18 05:06 - INFO - Test: UAS=0.954463, LAS=0.936043
05-18 05:10 - INFO - 
05-18 05:10 - INFO - Iter: 27-21600, Avg_loss: 0.7, 0.29, 0.28, 0.18, LR (0.000920), Best (26)
05-18 05:11 - INFO - Valid: UAS=0.952095, LAS=0.933057
05-18 05:11 - INFO - Test: UAS=0.954843, LAS=0.936464
05-18 05:15 - INFO - 
05-18 05:15 - INFO - Iter: 28-22400, Avg_loss: 0.7, 0.29, 0.28, 0.18, LR (0.000894), Best (26)
05-18 05:16 - INFO - Valid: UAS=0.953137, LAS=0.933677
05-18 05:17 - INFO - Test: UAS=0.955364, LAS=0.937206
05-18 05:21 - INFO - 
05-18 05:21 - INFO - Iter: 29-23200, Avg_loss: 0.69, 0.29, 0.28, 0.18, LR (0.000868), Best (28)
05-18 05:22 - INFO - Valid: UAS=0.953813, LAS=0.933761
05-18 05:22 - INFO - Test: UAS=0.954563, LAS=0.936163
05-18 05:26 - INFO - 
05-18 05:26 - INFO - Iter: 30-24000, Avg_loss: 0.68, 0.29, 0.28, 0.18, LR (0.000844), Best (29)
05-18 05:27 - INFO - Valid: UAS=0.954067, LAS=0.934437
05-18 05:28 - INFO - Test: UAS=0.954984, LAS=0.936404
05-18 05:32 - INFO - 
05-18 05:32 - INFO - Iter: 31-24800, Avg_loss: 0.68, 0.29, 0.28, 0.17, LR (0.000820), Best (30)
05-18 05:33 - INFO - Valid: UAS=0.953560, LAS=0.933705
05-18 05:33 - INFO - Test: UAS=0.954322, LAS=0.936224
05-18 05:37 - INFO - 
05-18 05:37 - INFO - Iter: 32-25600, Avg_loss: 0.68, 0.29, 0.27, 0.17, LR (0.000797), Best (30)
05-18 05:38 - INFO - Valid: UAS=0.953560, LAS=0.933902
05-18 05:38 - INFO - Test: UAS=0.955665, LAS=0.937125
05-18 05:42 - INFO - 
05-18 05:42 - INFO - Iter: 33-26400, Avg_loss: 0.67, 0.28, 0.27, 0.17, LR (0.000774), Best (30)
05-18 05:43 - INFO - Valid: UAS=0.955137, LAS=0.935705
05-18 05:44 - INFO - Test: UAS=0.956667, LAS=0.938649
05-18 05:48 - INFO - 
05-18 05:48 - INFO - Iter: 34-27200, Avg_loss: 0.67, 0.28, 0.27, 0.17, LR (0.000752), Best (33)
05-18 05:49 - INFO - Valid: UAS=0.953532, LAS=0.933818
05-18 05:49 - INFO - Test: UAS=0.955705, LAS=0.937827
05-18 05:53 - INFO - 
05-18 05:53 - INFO - Iter: 35-28000, Avg_loss: 0.67, 0.28, 0.27, 0.17, LR (0.000731), Best (33)
05-18 05:54 - INFO - Valid: UAS=0.954433, LAS=0.934663
05-18 05:54 - INFO - Test: UAS=0.955685, LAS=0.938047
05-18 05:58 - INFO - 
05-18 05:58 - INFO - Iter: 36-28800, Avg_loss: 0.65, 0.27, 0.26, 0.17, LR (0.000710), Best (33)
05-18 05:59 - INFO - Valid: UAS=0.954545, LAS=0.934634
05-18 05:59 - INFO - Test: UAS=0.956306, LAS=0.938629
05-18 06:03 - INFO - 
05-18 06:03 - INFO - Iter: 37-29600, Avg_loss: 0.65, 0.27, 0.26, 0.17, LR (0.000690), Best (33)
05-18 06:05 - INFO - Valid: UAS=0.955024, LAS=0.935141
05-18 06:05 - INFO - Test: UAS=0.956427, LAS=0.938869
05-18 06:09 - INFO - 
05-18 06:09 - INFO - Iter: 38-30400, Avg_loss: 0.65, 0.27, 0.26, 0.17, LR (0.000670), Best (33)
05-18 06:10 - INFO - Valid: UAS=0.954630, LAS=0.934860
05-18 06:10 - INFO - Test: UAS=0.956427, LAS=0.938889
05-18 06:14 - INFO - 
05-18 06:14 - INFO - Iter: 39-31200, Avg_loss: 0.65, 0.27, 0.26, 0.17, LR (0.000651), Best (33)
05-18 06:15 - INFO - Valid: UAS=0.955503, LAS=0.936014
05-18 06:15 - INFO - Test: UAS=0.956727, LAS=0.939090
05-18 06:19 - INFO - 
05-18 06:19 - INFO - Iter: 40-32000, Avg_loss: 0.64, 0.27, 0.26, 0.17, LR (0.000633), Best (39)
05-18 06:20 - INFO - Valid: UAS=0.955306, LAS=0.935930
05-18 06:20 - INFO - Test: UAS=0.956687, LAS=0.939270
05-18 06:24 - INFO - 
05-18 06:24 - INFO - Iter: 41-32800, Avg_loss: 0.64, 0.27, 0.26, 0.17, LR (0.000615), Best (39)
05-18 06:26 - INFO - Valid: UAS=0.955221, LAS=0.935423
05-18 06:26 - INFO - Test: UAS=0.956968, LAS=0.939370
05-18 06:30 - INFO - 
05-18 06:30 - INFO - Iter: 42-33600, Avg_loss: 0.63, 0.27, 0.25, 0.17, LR (0.000597), Best (39)
05-18 06:31 - INFO - Valid: UAS=0.954630, LAS=0.935113
05-18 06:31 - INFO - Test: UAS=0.956707, LAS=0.939270
05-18 06:35 - INFO - 
05-18 06:35 - INFO - Iter: 43-34400, Avg_loss: 0.63, 0.27, 0.26, 0.17, LR (0.000580), Best (39)
05-18 06:36 - INFO - Valid: UAS=0.955193, LAS=0.935085
05-18 06:36 - INFO - Test: UAS=0.957689, LAS=0.939851
05-18 06:40 - INFO - 
05-18 06:40 - INFO - Iter: 44-35200, Avg_loss: 0.62, 0.26, 0.25, 0.16, LR (0.000564), Best (39)
05-18 06:41 - INFO - Valid: UAS=0.955447, LAS=0.935874
05-18 06:41 - INFO - Test: UAS=0.957569, LAS=0.940292
05-18 06:45 - INFO - 
05-18 06:45 - INFO - Iter: 45-36000, Avg_loss: 0.63, 0.26, 0.25, 0.16, LR (0.000548), Best (39)
05-18 06:46 - INFO - Valid: UAS=0.955109, LAS=0.935254
05-18 06:47 - INFO - Test: UAS=0.958010, LAS=0.940372
05-18 06:51 - INFO - 
05-18 06:51 - INFO - Iter: 46-36800, Avg_loss: 0.63, 0.26, 0.25, 0.16, LR (0.000532), Best (39)
05-18 06:52 - INFO - Valid: UAS=0.955081, LAS=0.935254
05-18 06:52 - INFO - Test: UAS=0.958411, LAS=0.940733
05-18 06:56 - INFO - 
05-18 06:56 - INFO - Iter: 47-37600, Avg_loss: 0.62, 0.26, 0.25, 0.16, LR (0.000517), Best (39)
05-18 06:57 - INFO - Valid: UAS=0.955418, LAS=0.935733
05-18 06:57 - INFO - Test: UAS=0.957830, LAS=0.940332
05-18 07:01 - INFO - 
05-18 07:01 - INFO - Iter: 48-38400, Avg_loss: 0.62, 0.26, 0.25, 0.16, LR (0.000503), Best (39)
05-18 07:02 - INFO - Valid: UAS=0.956094, LAS=0.936803
05-18 07:02 - INFO - Test: UAS=0.957549, LAS=0.940713
05-18 07:06 - INFO - 
05-18 07:06 - INFO - Iter: 49-39200, Avg_loss: 0.61, 0.26, 0.24, 0.16, LR (0.000488), Best (48)
05-18 07:07 - INFO - Valid: UAS=0.955475, LAS=0.935930
05-18 07:08 - INFO - Test: UAS=0.957970, LAS=0.940633
05-18 07:11 - INFO - 
05-18 07:11 - INFO - Iter: 50-40000, Avg_loss: 0.61, 0.26, 0.24, 0.16, LR (0.000475), Best (48)
05-18 07:13 - INFO - Valid: UAS=0.955728, LAS=0.936381
05-18 07:13 - INFO - Test: UAS=0.957810, LAS=0.940312
05-18 07:17 - INFO - 
05-18 07:17 - INFO - Iter: 51-40800, Avg_loss: 0.61, 0.25, 0.24, 0.16, LR (0.000461), Best (48)
05-18 07:18 - INFO - Valid: UAS=0.955616, LAS=0.936381
05-18 07:18 - INFO - Test: UAS=0.957810, LAS=0.940573
05-18 07:22 - INFO - 
05-18 07:22 - INFO - Iter: 52-41600, Avg_loss: 0.6, 0.25, 0.24, 0.16, LR (0.000448), Best (48)
05-18 07:23 - INFO - Valid: UAS=0.955616, LAS=0.936578
05-18 07:23 - INFO - Test: UAS=0.958110, LAS=0.940733
05-18 07:27 - INFO - 
05-18 07:27 - INFO - Iter: 53-42400, Avg_loss: 0.6, 0.25, 0.24, 0.16, LR (0.000435), Best (48)
05-18 07:28 - INFO - Valid: UAS=0.955334, LAS=0.936212
05-18 07:28 - INFO - Test: UAS=0.957709, LAS=0.940272
05-18 07:32 - INFO - 
05-18 07:32 - INFO - Iter: 54-43200, Avg_loss: 0.6, 0.25, 0.24, 0.16, LR (0.000423), Best (48)
05-18 07:33 - INFO - Valid: UAS=0.956517, LAS=0.937479
05-18 07:34 - INFO - Test: UAS=0.958030, LAS=0.940332
05-18 07:37 - INFO - 
05-18 07:37 - INFO - Iter: 55-44000, Avg_loss: 0.6, 0.25, 0.24, 0.16, LR (0.000411), Best (54)
05-18 07:39 - INFO - Valid: UAS=0.956432, LAS=0.937507
05-18 07:39 - INFO - Test: UAS=0.958110, LAS=0.940894
05-18 07:43 - INFO - 
05-18 07:43 - INFO - Iter: 56-44800, Avg_loss: 0.6, 0.25, 0.24, 0.16, LR (0.000399), Best (54)
05-18 07:44 - INFO - Valid: UAS=0.955390, LAS=0.936324
05-18 07:44 - INFO - Test: UAS=0.958591, LAS=0.941635
05-18 07:48 - INFO - 
05-18 07:48 - INFO - Iter: 57-45600, Avg_loss: 0.59, 0.25, 0.24, 0.16, LR (0.000388), Best (54)
05-18 07:49 - INFO - Valid: UAS=0.955982, LAS=0.937085
05-18 07:49 - INFO - Test: UAS=0.958692, LAS=0.941455
05-18 07:53 - INFO - 
05-18 07:53 - INFO - Iter: 58-46400, Avg_loss: 0.59, 0.25, 0.23, 0.16, LR (0.000377), Best (54)
05-18 07:54 - INFO - Valid: UAS=0.955616, LAS=0.936916
05-18 07:54 - INFO - Test: UAS=0.958491, LAS=0.941094
05-18 07:58 - INFO - 
05-18 07:58 - INFO - Iter: 59-47200, Avg_loss: 0.59, 0.25, 0.23, 0.16, LR (0.000366), Best (54)
05-18 07:59 - INFO - Valid: UAS=0.955221, LAS=0.936521
05-18 08:00 - INFO - Test: UAS=0.958130, LAS=0.940753
05-18 08:04 - INFO - 
05-18 08:04 - INFO - Iter: 60-48000, Avg_loss: 0.59, 0.25, 0.23, 0.16, LR (0.000356), Best (54)
05-18 08:05 - INFO - Valid: UAS=0.956038, LAS=0.937169
05-18 08:05 - INFO - Test: UAS=0.958331, LAS=0.941234
05-18 08:09 - INFO - 
05-18 08:09 - INFO - Iter: 61-48800, Avg_loss: 0.58, 0.25, 0.23, 0.15, LR (0.000346), Best (54)
05-18 08:10 - INFO - Valid: UAS=0.956489, LAS=0.937592
05-18 08:10 - INFO - Test: UAS=0.959193, LAS=0.941876
05-18 08:14 - INFO - 
05-18 08:14 - INFO - Iter: 62-49600, Avg_loss: 0.58, 0.25, 0.23, 0.15, LR (0.000336), Best (61)
05-18 08:15 - INFO - Valid: UAS=0.955250, LAS=0.936634
05-18 08:15 - INFO - Test: UAS=0.957790, LAS=0.940433
05-18 08:19 - INFO - 
05-18 08:19 - INFO - Iter: 63-50400, Avg_loss: 0.57, 0.24, 0.23, 0.15, LR (0.000327), Best (61)
05-18 08:20 - INFO - Valid: UAS=0.955954, LAS=0.937310
05-18 08:20 - INFO - Test: UAS=0.958511, LAS=0.940753
05-18 08:24 - INFO - 
05-18 08:24 - INFO - Iter: 64-51200, Avg_loss: 0.58, 0.24, 0.23, 0.15, LR (0.000317), Best (61)
05-18 08:25 - INFO - Valid: UAS=0.956601, LAS=0.937817
05-18 08:26 - INFO - Test: UAS=0.958591, LAS=0.941334
05-18 08:30 - INFO - 
05-18 08:30 - INFO - Iter: 65-52000, Avg_loss: 0.58, 0.24, 0.23, 0.15, LR (0.000308), Best (64)
05-18 08:31 - INFO - Valid: UAS=0.956094, LAS=0.937310
05-18 08:31 - INFO - Test: UAS=0.958411, LAS=0.941375
05-18 08:35 - INFO - 
05-18 08:35 - INFO - Iter: 66-52800, Avg_loss: 0.57, 0.24, 0.23, 0.15, LR (0.000300), Best (64)
05-18 08:36 - INFO - Valid: UAS=0.955982, LAS=0.936944
05-18 08:36 - INFO - Test: UAS=0.958992, LAS=0.941755
05-18 08:40 - INFO - 
05-18 08:40 - INFO - Iter: 67-53600, Avg_loss: 0.58, 0.24, 0.23, 0.15, LR (0.000291), Best (64)
05-18 08:41 - INFO - Valid: UAS=0.955334, LAS=0.936212
05-18 08:41 - INFO - Test: UAS=0.958231, LAS=0.941214
05-18 08:45 - INFO - 
05-18 08:45 - INFO - Iter: 68-54400, Avg_loss: 0.57, 0.24, 0.23, 0.15, LR (0.000283), Best (64)
05-18 08:46 - INFO - Valid: UAS=0.955644, LAS=0.936803
05-18 08:47 - INFO - Test: UAS=0.958712, LAS=0.941715
05-18 08:50 - INFO - 
05-18 08:50 - INFO - Iter: 69-55200, Avg_loss: 0.57, 0.24, 0.23, 0.15, LR (0.000275), Best (64)
05-18 08:52 - INFO - Valid: UAS=0.956263, LAS=0.937592
05-18 08:52 - INFO - Test: UAS=0.958652, LAS=0.941254
05-18 08:56 - INFO - 
05-18 08:56 - INFO - Iter: 70-56000, Avg_loss: 0.57, 0.24, 0.23, 0.15, LR (0.000267), Best (64)
05-18 08:57 - INFO - Valid: UAS=0.956066, LAS=0.937254
05-18 08:57 - INFO - Test: UAS=0.958792, LAS=0.941354
05-18 09:01 - INFO - 
05-18 09:01 - INFO - Iter: 71-56800, Avg_loss: 0.56, 0.24, 0.22, 0.15, LR (0.000259), Best (64)
05-18 09:02 - INFO - Valid: UAS=0.956207, LAS=0.937338
05-18 09:02 - INFO - Test: UAS=0.959092, LAS=0.941996
05-18 09:06 - INFO - 
05-18 09:06 - INFO - Iter: 72-57600, Avg_loss: 0.57, 0.24, 0.23, 0.15, LR (0.000252), Best (64)
05-18 09:07 - INFO - Valid: UAS=0.956939, LAS=0.938070
05-18 09:07 - INFO - Test: UAS=0.959113, LAS=0.942337
05-18 09:11 - INFO - 
05-18 09:11 - INFO - Iter: 73-58400, Avg_loss: 0.56, 0.24, 0.22, 0.15, LR (0.000245), Best (72)
05-18 09:12 - INFO - Valid: UAS=0.956432, LAS=0.937423
05-18 09:13 - INFO - Test: UAS=0.959874, LAS=0.942657
05-18 09:16 - INFO - 
05-18 09:16 - INFO - Iter: 74-59200, Avg_loss: 0.57, 0.24, 0.22, 0.15, LR (0.000238), Best (72)
05-18 09:18 - INFO - Valid: UAS=0.956827, LAS=0.938070
05-18 09:18 - INFO - Test: UAS=0.959533, LAS=0.942377
05-18 09:22 - INFO - 
05-18 09:22 - INFO - Iter: 75-60000, Avg_loss: 0.56, 0.24, 0.22, 0.15, LR (0.000231), Best (72)
05-18 09:23 - INFO - Valid: UAS=0.956629, LAS=0.937676
05-18 09:23 - INFO - Test: UAS=0.959473, LAS=0.942417
05-18 09:27 - INFO - 
05-18 09:27 - INFO - Iter: 76-60800, Avg_loss: 0.56, 0.24, 0.22, 0.15, LR (0.000225), Best (72)
05-18 09:28 - INFO - Valid: UAS=0.956489, LAS=0.937620
05-18 09:29 - INFO - Test: UAS=0.959493, LAS=0.942397
05-18 09:33 - INFO - 
05-18 09:33 - INFO - Iter: 77-61600, Avg_loss: 0.56, 0.24, 0.22, 0.15, LR (0.000218), Best (72)
05-18 09:34 - INFO - Valid: UAS=0.956686, LAS=0.937732
05-18 09:34 - INFO - Test: UAS=0.959032, LAS=0.941795
05-18 09:38 - INFO - 
05-18 09:38 - INFO - Iter: 78-62400, Avg_loss: 0.56, 0.23, 0.22, 0.15, LR (0.000212), Best (72)
05-18 09:39 - INFO - Valid: UAS=0.957024, LAS=0.938098
05-18 09:39 - INFO - Test: UAS=0.959473, LAS=0.942557
05-18 09:43 - INFO - 
05-18 09:43 - INFO - Iter: 79-63200, Avg_loss: 0.56, 0.23, 0.22, 0.15, LR (0.000206), Best (78)
05-18 09:45 - INFO - Valid: UAS=0.956911, LAS=0.937817
05-18 09:45 - INFO - Test: UAS=0.959092, LAS=0.942056
05-18 09:49 - INFO - 
05-18 09:49 - INFO - Iter: 80-64000, Avg_loss: 0.56, 0.23, 0.22, 0.15, LR (0.000200), Best (78)
05-18 09:50 - INFO - Valid: UAS=0.956629, LAS=0.937789
05-18 09:50 - INFO - Test: UAS=0.959754, LAS=0.942677
05-18 09:54 - INFO - 
05-18 09:54 - INFO - Iter: 81-64800, Avg_loss: 0.56, 0.23, 0.22, 0.15, LR (0.000195), Best (78)
05-18 09:55 - INFO - Valid: UAS=0.956911, LAS=0.937929
05-18 09:55 - INFO - Test: UAS=0.959052, LAS=0.942116
05-18 09:59 - INFO - 
05-18 09:59 - INFO - Iter: 82-65600, Avg_loss: 0.55, 0.23, 0.22, 0.15, LR (0.000189), Best (78)
05-18 10:01 - INFO - Valid: UAS=0.957108, LAS=0.938352
05-18 10:01 - INFO - Test: UAS=0.959694, LAS=0.942697
05-18 10:05 - INFO - 
05-18 10:05 - INFO - Iter: 83-66400, Avg_loss: 0.55, 0.23, 0.22, 0.15, LR (0.000184), Best (82)
05-18 10:06 - INFO - Valid: UAS=0.956798, LAS=0.938127
05-18 10:06 - INFO - Test: UAS=0.959714, LAS=0.942457
05-18 10:10 - INFO - 
05-18 10:10 - INFO - Iter: 84-67200, Avg_loss: 0.55, 0.23, 0.22, 0.15, LR (0.000178), Best (82)
05-18 10:11 - INFO - Valid: UAS=0.956545, LAS=0.937845
05-18 10:11 - INFO - Test: UAS=0.959313, LAS=0.941976
05-18 10:15 - INFO - 
05-18 10:15 - INFO - Iter: 85-68000, Avg_loss: 0.55, 0.23, 0.22, 0.15, LR (0.000173), Best (82)
05-18 10:16 - INFO - Valid: UAS=0.956798, LAS=0.938098
05-18 10:16 - INFO - Test: UAS=0.959573, LAS=0.942477
05-18 10:21 - INFO - 
05-18 10:21 - INFO - Iter: 86-68800, Avg_loss: 0.55, 0.23, 0.22, 0.15, LR (0.000168), Best (82)
05-18 10:22 - INFO - Valid: UAS=0.957136, LAS=0.938211
05-18 10:22 - INFO - Test: UAS=0.959594, LAS=0.942116
05-18 10:26 - INFO - 
05-18 10:26 - INFO - Iter: 87-69600, Avg_loss: 0.54, 0.23, 0.21, 0.15, LR (0.000164), Best (86)
05-18 10:27 - INFO - Valid: UAS=0.956629, LAS=0.938042
05-18 10:27 - INFO - Test: UAS=0.959594, LAS=0.942517
05-18 10:31 - INFO - 
05-18 10:31 - INFO - Iter: 88-70400, Avg_loss: 0.55, 0.23, 0.21, 0.15, LR (0.000159), Best (86)
05-18 10:32 - INFO - Valid: UAS=0.957503, LAS=0.939028
05-18 10:33 - INFO - Test: UAS=0.959473, LAS=0.942236
05-18 10:37 - INFO - 
05-18 10:37 - INFO - Iter: 89-71200, Avg_loss: 0.55, 0.23, 0.22, 0.15, LR (0.000155), Best (88)
05-18 10:38 - INFO - Valid: UAS=0.957024, LAS=0.938183
05-18 10:38 - INFO - Test: UAS=0.959373, LAS=0.941996
05-18 10:42 - INFO - 
05-18 10:42 - INFO - Iter: 90-72000, Avg_loss: 0.54, 0.23, 0.21, 0.15, LR (0.000150), Best (88)
05-18 10:43 - INFO - Valid: UAS=0.957052, LAS=0.938380
05-18 10:43 - INFO - Test: UAS=0.959794, LAS=0.942697
05-18 10:47 - INFO - 
05-18 10:47 - INFO - Iter: 91-72800, Avg_loss: 0.54, 0.23, 0.21, 0.15, LR (0.000146), Best (88)
05-18 10:48 - INFO - Valid: UAS=0.957305, LAS=0.938465
05-18 10:49 - INFO - Test: UAS=0.959473, LAS=0.942276
05-18 10:53 - INFO - 
05-18 10:53 - INFO - Iter: 92-73600, Avg_loss: 0.55, 0.23, 0.21, 0.15, LR (0.000142), Best (88)
05-18 10:54 - INFO - Valid: UAS=0.957052, LAS=0.938465
05-18 10:54 - INFO - Test: UAS=0.959473, LAS=0.942597
05-18 10:58 - INFO - 
05-18 10:58 - INFO - Iter: 93-74400, Avg_loss: 0.54, 0.23, 0.21, 0.15, LR (0.000138), Best (88)
05-18 10:59 - INFO - Valid: UAS=0.956827, LAS=0.938127
05-18 10:59 - INFO - Test: UAS=0.959453, LAS=0.942397
05-18 11:03 - INFO - 
05-18 11:03 - INFO - Iter: 94-75200, Avg_loss: 0.54, 0.23, 0.21, 0.15, LR (0.000134), Best (88)
05-18 11:04 - INFO - Valid: UAS=0.956658, LAS=0.938155
05-18 11:04 - INFO - Test: UAS=0.959493, LAS=0.942537
05-18 11:08 - INFO - 
05-18 11:08 - INFO - Iter: 95-76000, Avg_loss: 0.54, 0.23, 0.21, 0.15, LR (0.000130), Best (88)
05-18 11:09 - INFO - Valid: UAS=0.956629, LAS=0.938014
05-18 11:10 - INFO - Test: UAS=0.959634, LAS=0.942597
05-18 11:13 - INFO - 
05-18 11:13 - INFO - Iter: 96-76800, Avg_loss: 0.54, 0.23, 0.21, 0.15, LR (0.000126), Best (88)
05-18 11:15 - INFO - Valid: UAS=0.956855, LAS=0.938127
05-18 11:15 - INFO - Test: UAS=0.959353, LAS=0.942297
05-18 11:19 - INFO - 
05-18 11:19 - INFO - Iter: 97-77600, Avg_loss: 0.54, 0.23, 0.21, 0.15, LR (0.000123), Best (88)
05-18 11:20 - INFO - Valid: UAS=0.956911, LAS=0.938296
05-18 11:20 - INFO - Test: UAS=0.959533, LAS=0.942437
05-18 11:24 - INFO - 
05-18 11:24 - INFO - Iter: 98-78400, Avg_loss: 0.54, 0.23, 0.21, 0.15, LR (0.000119), Best (88)
05-18 11:25 - INFO - Valid: UAS=0.956798, LAS=0.937929
05-18 11:25 - INFO - Test: UAS=0.959573, LAS=0.942577
05-18 11:29 - INFO - 
05-18 11:29 - INFO - Iter: 99-79200, Avg_loss: 0.54, 0.23, 0.21, 0.15, LR (0.000116), Best (88)
05-18 11:30 - INFO - Valid: UAS=0.956686, LAS=0.937929
05-18 11:30 - INFO - Test: UAS=0.959573, LAS=0.942537
05-18 11:34 - INFO - 
05-18 11:34 - INFO - Iter: 100-80000, Avg_loss: 0.54, 0.23, 0.21, 0.15, LR (0.000113), Best (88)
05-18 11:35 - INFO - Valid: UAS=0.956883, LAS=0.938211
05-18 11:35 - INFO - Test: UAS=0.959614, LAS=0.942577
05-18 11:39 - INFO - 
05-18 11:39 - INFO - Iter: 101-80800, Avg_loss: 0.53, 0.22, 0.21, 0.15, LR (0.000109), Best (88)
05-18 11:40 - INFO - Valid: UAS=0.956911, LAS=0.938324
05-18 11:40 - INFO - Test: UAS=0.959213, LAS=0.942076
05-18 11:44 - INFO - 
05-18 11:44 - INFO - Iter: 102-81600, Avg_loss: 0.54, 0.23, 0.21, 0.15, LR (0.000106), Best (88)
05-18 11:45 - INFO - Valid: UAS=0.956770, LAS=0.938465
05-18 11:45 - INFO - Test: UAS=0.959674, LAS=0.942657
05-18 11:49 - INFO - 
05-18 11:49 - INFO - Iter: 103-82400, Avg_loss: 0.53, 0.22, 0.21, 0.14, LR (0.000103), Best (88)
05-18 11:50 - INFO - Valid: UAS=0.957165, LAS=0.938408
05-18 11:51 - INFO - Test: UAS=0.959614, LAS=0.942497
05-18 11:55 - INFO - 
05-18 11:55 - INFO - Iter: 104-83200, Avg_loss: 0.54, 0.23, 0.21, 0.15, LR (0.000100), Best (88)
05-18 11:56 - INFO - Valid: UAS=0.956714, LAS=0.938155
05-18 11:56 - INFO - Test: UAS=0.959854, LAS=0.942717
05-18 12:00 - INFO - 
05-18 12:00 - INFO - Iter: 105-84000, Avg_loss: 0.53, 0.22, 0.21, 0.14, LR (0.000098), Best (88)
05-18 12:01 - INFO - Valid: UAS=0.957024, LAS=0.938605
05-18 12:01 - INFO - Test: UAS=0.959734, LAS=0.942717
05-18 12:05 - INFO - 
05-18 12:05 - INFO - Iter: 106-84800, Avg_loss: 0.53, 0.23, 0.21, 0.14, LR (0.000095), Best (88)
05-18 12:06 - INFO - Valid: UAS=0.956742, LAS=0.938211
05-18 12:06 - INFO - Test: UAS=0.959734, LAS=0.942537
05-18 12:10 - INFO - 
05-18 12:10 - INFO - Iter: 107-85600, Avg_loss: 0.53, 0.22, 0.21, 0.15, LR (0.000092), Best (88)
05-18 12:11 - INFO - Valid: UAS=0.957136, LAS=0.938803
05-18 12:11 - INFO - Test: UAS=0.959794, LAS=0.942737
05-18 12:15 - INFO - 
05-18 12:15 - INFO - Iter: 108-86400, Avg_loss: 0.53, 0.22, 0.21, 0.14, LR (0.000089), Best (88)
05-18 12:16 - INFO - Valid: UAS=0.956770, LAS=0.938408
05-18 12:16 - INFO - Test: UAS=0.959834, LAS=0.942677
05-18 12:20 - INFO - 
05-18 12:20 - INFO - Iter: 109-87200, Avg_loss: 0.53, 0.22, 0.21, 0.15, LR (0.000087), Best (88)
05-18 12:21 - INFO - Valid: UAS=0.956939, LAS=0.938324
05-18 12:22 - INFO - Test: UAS=0.959614, LAS=0.942677
05-18 12:26 - INFO - 
05-18 12:26 - INFO - Iter: 110-88000, Avg_loss: 0.54, 0.23, 0.21, 0.15, LR (0.000084), Best (88)
05-18 12:27 - INFO - Valid: UAS=0.956658, LAS=0.938014
05-18 12:27 - INFO - Test: UAS=0.959694, LAS=0.942938
05-18 12:31 - INFO - 
05-18 12:31 - INFO - Iter: 111-88800, Avg_loss: 0.54, 0.23, 0.21, 0.15, LR (0.000082), Best (88)
05-18 12:32 - INFO - Valid: UAS=0.956855, LAS=0.938436
05-18 12:32 - INFO - Test: UAS=0.959874, LAS=0.942878
05-18 12:36 - INFO - 
05-18 12:36 - INFO - Iter: 112-89600, Avg_loss: 0.53, 0.22, 0.21, 0.14, LR (0.000080), Best (88)
05-18 12:37 - INFO - Valid: UAS=0.957193, LAS=0.938549
05-18 12:37 - INFO - Test: UAS=0.959674, LAS=0.942717
05-18 12:41 - INFO - 
05-18 12:41 - INFO - Iter: 113-90400, Avg_loss: 0.53, 0.22, 0.21, 0.14, LR (0.000077), Best (88)
05-18 12:42 - INFO - Valid: UAS=0.957024, LAS=0.938296
05-18 12:42 - INFO - Test: UAS=0.959754, LAS=0.942677
05-18 12:46 - INFO - 
05-18 12:46 - INFO - Iter: 114-91200, Avg_loss: 0.53, 0.22, 0.21, 0.14, LR (0.000075), Best (88)
05-18 12:47 - INFO - Valid: UAS=0.957305, LAS=0.938859
05-18 12:47 - INFO - Test: UAS=0.959994, LAS=0.942938
05-18 12:51 - INFO - 
05-18 12:51 - INFO - Iter: 115-92000, Avg_loss: 0.53, 0.22, 0.21, 0.14, LR (0.000073), Best (88)
05-18 12:53 - INFO - Valid: UAS=0.957024, LAS=0.938521
05-18 12:53 - INFO - Test: UAS=0.959814, LAS=0.942758
05-18 12:57 - INFO - 
05-18 12:57 - INFO - Iter: 116-92800, Avg_loss: 0.53, 0.22, 0.21, 0.14, LR (0.000071), Best (88)
05-18 12:58 - INFO - Valid: UAS=0.956967, LAS=0.938211
05-18 12:58 - INFO - Test: UAS=0.959393, LAS=0.942357
05-18 13:02 - INFO - 
05-18 13:02 - INFO - Iter: 117-93600, Avg_loss: 0.53, 0.22, 0.21, 0.14, LR (0.000069), Best (88)
05-18 13:03 - INFO - Valid: UAS=0.957277, LAS=0.938549
05-18 13:03 - INFO - Test: UAS=0.959774, LAS=0.942778
05-18 13:07 - INFO - 
05-18 13:07 - INFO - Iter: 118-94400, Avg_loss: 0.53, 0.22, 0.21, 0.14, LR (0.000067), Best (88)
05-18 13:09 - INFO - Valid: UAS=0.957334, LAS=0.938718
05-18 13:09 - INFO - Test: UAS=0.959734, LAS=0.942737
05-18 13:13 - INFO - 
05-18 13:13 - INFO - Iter: 119-95200, Avg_loss: 0.52, 0.22, 0.2, 0.14, LR (0.000065), Best (88)
05-18 13:14 - INFO - Valid: UAS=0.957024, LAS=0.938352
05-18 13:14 - INFO - Test: UAS=0.960034, LAS=0.943198
05-18 13:18 - INFO - 
05-18 13:18 - INFO - Iter: 120-96000, Avg_loss: 0.53, 0.22, 0.21, 0.14, LR (0.000063), Best (88)
05-18 13:19 - INFO - Valid: UAS=0.957503, LAS=0.939000
05-18 13:19 - INFO - Test: UAS=0.959874, LAS=0.943118
05-18 13:23 - INFO - 
05-18 13:23 - INFO - Iter: 121-96800, Avg_loss: 0.53, 0.22, 0.21, 0.14, LR (0.000062), Best (88)
05-18 13:24 - INFO - Valid: UAS=0.957024, LAS=0.938183
05-18 13:24 - INFO - Test: UAS=0.959774, LAS=0.942878
05-18 13:28 - INFO - 
05-18 13:28 - INFO - Iter: 122-97600, Avg_loss: 0.52, 0.22, 0.2, 0.14, LR (0.000060), Best (88)
05-18 13:29 - INFO - Valid: UAS=0.957643, LAS=0.938971
05-18 13:30 - INFO - Test: UAS=0.960034, LAS=0.943279
05-18 13:34 - INFO - 
05-18 13:34 - INFO - Iter: 123-98400, Avg_loss: 0.53, 0.22, 0.21, 0.14, LR (0.000058), Best (122)
05-18 13:35 - INFO - Valid: UAS=0.957249, LAS=0.938521
05-18 13:35 - INFO - Test: UAS=0.959874, LAS=0.943098
05-18 13:39 - INFO - 
05-18 13:39 - INFO - Iter: 124-99200, Avg_loss: 0.53, 0.22, 0.21, 0.14, LR (0.000056), Best (122)
05-18 13:40 - INFO - Valid: UAS=0.957559, LAS=0.938746
05-18 13:40 - INFO - Test: UAS=0.959934, LAS=0.943138
05-18 13:44 - INFO - 
05-18 13:44 - INFO - Iter: 125-100000, Avg_loss: 0.53, 0.22, 0.2, 0.14, LR (0.000055), Best (122)
05-18 13:45 - INFO - Valid: UAS=0.957362, LAS=0.938577
05-18 13:45 - INFO - Test: UAS=0.959553, LAS=0.942758
05-18 13:50 - INFO - 
05-18 13:50 - INFO - Iter: 126-100800, Avg_loss: 0.53, 0.22, 0.21, 0.14, LR (0.000053), Best (122)
05-18 13:51 - INFO - Valid: UAS=0.957165, LAS=0.938577
05-18 13:51 - INFO - Test: UAS=0.959894, LAS=0.943198
05-18 13:55 - INFO - 
05-18 13:55 - INFO - Iter: 127-101600, Avg_loss: 0.52, 0.22, 0.2, 0.14, LR (0.000052), Best (122)
05-18 13:56 - INFO - Valid: UAS=0.957277, LAS=0.938971
05-18 13:56 - INFO - Test: UAS=0.959934, LAS=0.943198
05-18 14:00 - INFO - 
05-18 14:00 - INFO - Iter: 128-102400, Avg_loss: 0.52, 0.22, 0.2, 0.14, LR (0.000050), Best (122)
05-18 14:01 - INFO - Valid: UAS=0.957503, LAS=0.938746
05-18 14:01 - INFO - Test: UAS=0.960155, LAS=0.943279
05-18 14:06 - INFO - 
05-18 14:06 - INFO - Iter: 129-103200, Avg_loss: 0.53, 0.22, 0.21, 0.14, LR (0.000049), Best (122)
05-18 14:07 - INFO - Valid: UAS=0.957503, LAS=0.938831
05-18 14:07 - INFO - Test: UAS=0.960075, LAS=0.943158
05-18 14:11 - INFO - 
05-18 14:11 - INFO - Iter: 130-104000, Avg_loss: 0.52, 0.22, 0.2, 0.14, LR (0.000048), Best (122)
05-18 14:12 - INFO - Valid: UAS=0.957362, LAS=0.938718
05-18 14:12 - INFO - Test: UAS=0.959954, LAS=0.943078
05-18 14:16 - INFO - 
05-18 14:16 - INFO - Iter: 131-104800, Avg_loss: 0.53, 0.22, 0.21, 0.14, LR (0.000046), Best (122)
05-18 14:17 - INFO - Valid: UAS=0.957305, LAS=0.938662
05-18 14:17 - INFO - Test: UAS=0.960115, LAS=0.943118
05-18 14:21 - INFO - 
05-18 14:21 - INFO - Iter: 132-105600, Avg_loss: 0.52, 0.22, 0.2, 0.14, LR (0.000045), Best (122)
05-18 14:22 - INFO - Valid: UAS=0.957390, LAS=0.938887
05-18 14:22 - INFO - Test: UAS=0.959994, LAS=0.942958
05-18 14:26 - INFO - 
05-18 14:26 - INFO - Iter: 133-106400, Avg_loss: 0.52, 0.22, 0.2, 0.14, LR (0.000044), Best (122)
05-18 14:27 - INFO - Valid: UAS=0.957277, LAS=0.938690
05-18 14:27 - INFO - Test: UAS=0.959974, LAS=0.943078
05-18 14:31 - INFO - 
05-18 14:31 - INFO - Iter: 134-107200, Avg_loss: 0.52, 0.22, 0.2, 0.14, LR (0.000042), Best (122)
05-18 14:32 - INFO - Valid: UAS=0.957136, LAS=0.938634
05-18 14:33 - INFO - Test: UAS=0.960115, LAS=0.943259
05-18 14:37 - INFO - 
05-18 14:37 - INFO - Iter: 135-108000, Avg_loss: 0.52, 0.22, 0.2, 0.14, LR (0.000041), Best (122)
05-18 14:38 - INFO - Valid: UAS=0.957249, LAS=0.938605
05-18 14:38 - INFO - Test: UAS=0.960135, LAS=0.943239
05-18 14:42 - INFO - 
05-18 14:42 - INFO - Iter: 136-108800, Avg_loss: 0.53, 0.22, 0.2, 0.14, LR (0.000040), Best (122)
05-18 14:43 - INFO - Valid: UAS=0.957418, LAS=0.938915
05-18 14:43 - INFO - Test: UAS=0.960235, LAS=0.943339
05-18 14:47 - INFO - 
05-18 14:47 - INFO - Iter: 137-109600, Avg_loss: 0.52, 0.22, 0.2, 0.14, LR (0.000039), Best (122)
05-18 14:48 - INFO - Valid: UAS=0.957277, LAS=0.938662
05-18 14:48 - INFO - Test: UAS=0.960034, LAS=0.943218
05-18 14:52 - INFO - 
05-18 14:52 - INFO - Iter: 138-110400, Avg_loss: 0.52, 0.22, 0.2, 0.14, LR (0.000038), Best (122)
05-18 14:53 - INFO - Valid: UAS=0.957277, LAS=0.938774
05-18 14:54 - INFO - Test: UAS=0.960075, LAS=0.943359
05-18 14:58 - INFO - 
05-18 14:58 - INFO - Iter: 139-111200, Avg_loss: 0.53, 0.22, 0.21, 0.14, LR (0.000037), Best (122)
05-18 14:59 - INFO - Valid: UAS=0.957587, LAS=0.939140
05-18 14:59 - INFO - Test: UAS=0.959954, LAS=0.943078
05-18 15:03 - INFO - 
05-18 15:03 - INFO - Iter: 140-112000, Avg_loss: 0.52, 0.22, 0.2, 0.14, LR (0.000036), Best (139)
05-18 15:04 - INFO - Valid: UAS=0.957362, LAS=0.938774
05-18 15:04 - INFO - Test: UAS=0.960175, LAS=0.943279
05-18 15:08 - INFO - 
05-18 15:08 - INFO - Iter: 141-112800, Avg_loss: 0.52, 0.22, 0.2, 0.14, LR (0.000035), Best (139)
05-18 15:09 - INFO - Valid: UAS=0.957221, LAS=0.938352
05-18 15:09 - INFO - Test: UAS=0.960095, LAS=0.943098
05-18 15:13 - INFO - 
05-18 15:13 - INFO - Iter: 142-113600, Avg_loss: 0.53, 0.22, 0.21, 0.14, LR (0.000034), Best (139)
05-18 15:14 - INFO - Valid: UAS=0.957136, LAS=0.938493
05-18 15:15 - INFO - Test: UAS=0.960055, LAS=0.943279
05-18 15:19 - INFO - 
05-18 15:19 - INFO - Iter: 143-114400, Avg_loss: 0.52, 0.22, 0.2, 0.14, LR (0.000033), Best (139)
05-18 15:20 - INFO - Valid: UAS=0.957362, LAS=0.939056
05-18 15:20 - INFO - Test: UAS=0.960175, LAS=0.943279
05-18 15:24 - INFO - 
05-18 15:24 - INFO - Iter: 144-115200, Avg_loss: 0.52, 0.22, 0.2, 0.14, LR (0.000032), Best (139)
05-18 15:25 - INFO - Valid: UAS=0.957587, LAS=0.939112
05-18 15:25 - INFO - Test: UAS=0.960335, LAS=0.943479
05-18 15:29 - INFO - 
05-18 15:29 - INFO - Iter: 145-116000, Avg_loss: 0.52, 0.22, 0.2, 0.14, LR (0.000031), Best (139)
05-18 15:30 - INFO - Valid: UAS=0.957672, LAS=0.939140
05-18 15:30 - INFO - Test: UAS=0.960235, LAS=0.943319
05-18 15:35 - INFO - 
05-18 15:35 - INFO - Iter: 146-116800, Avg_loss: 0.52, 0.22, 0.2, 0.14, LR (0.000030), Best (145)
05-18 15:36 - INFO - Valid: UAS=0.957277, LAS=0.938803
05-18 15:36 - INFO - Test: UAS=0.959914, LAS=0.943038
05-18 15:40 - INFO - 
05-18 15:40 - INFO - Iter: 147-117600, Avg_loss: 0.52, 0.22, 0.2, 0.14, LR (0.000029), Best (145)
05-18 15:41 - INFO - Valid: UAS=0.957334, LAS=0.938774
05-18 15:41 - INFO - Test: UAS=0.960275, LAS=0.943459
05-18 15:45 - INFO - 
05-18 15:45 - INFO - Iter: 148-118400, Avg_loss: 0.52, 0.22, 0.2, 0.14, LR (0.000028), Best (145)
05-18 15:46 - INFO - Valid: UAS=0.957559, LAS=0.939253
05-18 15:46 - INFO - Test: UAS=0.960355, LAS=0.943239
05-18 15:50 - INFO - 
05-18 15:50 - INFO - Iter: 149-119200, Avg_loss: 0.51, 0.22, 0.2, 0.14, LR (0.000028), Best (145)
05-18 15:51 - INFO - Valid: UAS=0.957559, LAS=0.939140
05-18 15:52 - INFO - Test: UAS=0.959994, LAS=0.943098
05-18 15:56 - INFO - 
05-18 15:56 - INFO - Iter: 150-120000, Avg_loss: 0.53, 0.22, 0.2, 0.14, LR (0.000027), Best (145)
05-18 15:57 - INFO - Valid: UAS=0.957474, LAS=0.939056
05-18 15:57 - INFO - Test: UAS=0.960215, LAS=0.943098
05-18 16:01 - INFO - 
05-18 16:01 - INFO - Iter: 151-120800, Avg_loss: 0.52, 0.22, 0.2, 0.14, LR (0.000026), Best (145)
05-18 16:02 - INFO - Valid: UAS=0.957390, LAS=0.939084
05-18 16:02 - INFO - Test: UAS=0.960195, LAS=0.943158
05-18 16:06 - INFO - 
05-18 16:06 - INFO - Iter: 152-121600, Avg_loss: 0.52, 0.22, 0.2, 0.14, LR (0.000025), Best (145)
05-18 16:08 - INFO - Valid: UAS=0.957277, LAS=0.938746
05-18 16:08 - INFO - Test: UAS=0.960435, LAS=0.943459
05-18 16:12 - INFO - 
05-18 16:12 - INFO - Iter: 153-122400, Avg_loss: 0.52, 0.22, 0.2, 0.14, LR (0.000025), Best (145)
05-18 16:13 - INFO - Valid: UAS=0.957305, LAS=0.938831
05-18 16:13 - INFO - Test: UAS=0.960195, LAS=0.943299
05-18 16:17 - INFO - 
05-18 16:17 - INFO - Iter: 154-123200, Avg_loss: 0.52, 0.22, 0.2, 0.14, LR (0.000024), Best (145)
05-18 16:18 - INFO - Valid: UAS=0.957784, LAS=0.939366
05-18 16:19 - INFO - Test: UAS=0.960155, LAS=0.943279
05-18 16:23 - INFO - 
05-18 16:23 - INFO - Iter: 155-124000, Avg_loss: 0.51, 0.22, 0.2, 0.14, LR (0.000023), Best (154)
05-18 16:24 - INFO - Valid: UAS=0.957474, LAS=0.938971
05-18 16:24 - INFO - Test: UAS=0.960175, LAS=0.943319
05-18 16:28 - INFO - 
05-18 16:28 - INFO - Iter: 156-124800, Avg_loss: 0.52, 0.22, 0.2, 0.14, LR (0.000022), Best (154)
05-18 16:29 - INFO - Valid: UAS=0.957700, LAS=0.939140
05-18 16:29 - INFO - Test: UAS=0.960335, LAS=0.943439
05-18 16:33 - INFO - 
05-18 16:33 - INFO - Iter: 157-125600, Avg_loss: 0.52, 0.22, 0.2, 0.14, LR (0.000022), Best (154)
05-18 16:35 - INFO - Valid: UAS=0.957812, LAS=0.939309
05-18 16:35 - INFO - Test: UAS=0.960255, LAS=0.943439
05-18 16:39 - INFO - 
05-18 16:39 - INFO - Iter: 158-126400, Avg_loss: 0.52, 0.22, 0.2, 0.14, LR (0.000021), Best (157)
05-18 16:40 - INFO - Valid: UAS=0.957643, LAS=0.939112
05-18 16:40 - INFO - Test: UAS=0.960255, LAS=0.943279
05-18 16:44 - INFO - 
05-18 16:44 - INFO - Iter: 159-127200, Avg_loss: 0.52, 0.22, 0.2, 0.14, LR (0.000021), Best (157)
05-18 16:45 - INFO - Valid: UAS=0.957672, LAS=0.939140
05-18 16:45 - INFO - Test: UAS=0.960255, LAS=0.943379
05-18 16:49 - INFO - 
05-18 16:49 - INFO - Iter: 160-128000, Avg_loss: 0.52, 0.22, 0.2, 0.14, LR (0.000020), Best (157)
05-18 16:51 - INFO - Valid: UAS=0.957418, LAS=0.939028
05-18 16:51 - INFO - Test: UAS=0.960215, LAS=0.943299
05-18 16:55 - INFO - 
05-18 16:55 - INFO - Iter: 161-128800, Avg_loss: 0.52, 0.22, 0.2, 0.14, LR (0.000019), Best (157)
05-18 16:56 - INFO - Valid: UAS=0.957390, LAS=0.938803
05-18 16:56 - INFO - Test: UAS=0.960355, LAS=0.943399
05-18 17:00 - INFO - 
05-18 17:00 - INFO - Iter: 162-129600, Avg_loss: 0.52, 0.22, 0.2, 0.14, LR (0.000019), Best (157)
05-18 17:01 - INFO - Valid: UAS=0.957615, LAS=0.939169
05-18 17:01 - INFO - Test: UAS=0.960435, LAS=0.943459
05-18 17:05 - INFO - 
05-18 17:05 - INFO - Iter: 163-130400, Avg_loss: 0.52, 0.22, 0.2, 0.14, LR (0.000018), Best (157)
05-18 17:06 - INFO - Valid: UAS=0.957700, LAS=0.939225
05-18 17:06 - INFO - Test: UAS=0.960355, LAS=0.943499
05-18 17:10 - INFO - 
05-18 17:10 - INFO - Iter: 164-131200, Avg_loss: 0.52, 0.22, 0.2, 0.14, LR (0.000018), Best (157)
05-18 17:12 - INFO - Valid: UAS=0.957672, LAS=0.939253
05-18 17:12 - INFO - Test: UAS=0.960335, LAS=0.943459
05-18 17:16 - INFO - 
05-18 17:16 - INFO - Iter: 165-132000, Avg_loss: 0.52, 0.22, 0.2, 0.14, LR (0.000017), Best (157)
05-18 17:17 - INFO - Valid: UAS=0.957390, LAS=0.938971
05-18 17:17 - INFO - Test: UAS=0.960255, LAS=0.943419
05-18 17:21 - INFO - 
05-18 17:21 - INFO - Iter: 166-132800, Avg_loss: 0.52, 0.22, 0.2, 0.14, LR (0.000017), Best (157)
05-18 17:22 - INFO - Valid: UAS=0.957587, LAS=0.939056
05-18 17:22 - INFO - Test: UAS=0.960355, LAS=0.943479
05-18 17:26 - INFO - 
05-18 17:26 - INFO - Iter: 167-133600, Avg_loss: 0.52, 0.22, 0.2, 0.14, LR (0.000016), Best (157)
05-18 17:27 - INFO - Valid: UAS=0.957559, LAS=0.939112
05-18 17:27 - INFO - Test: UAS=0.960255, LAS=0.943339
05-18 17:31 - INFO - 
05-18 17:31 - INFO - Iter: 168-134400, Avg_loss: 0.52, 0.22, 0.2, 0.14, LR (0.000016), Best (157)
05-18 17:32 - INFO - Valid: UAS=0.957615, LAS=0.939281
05-18 17:33 - INFO - Test: UAS=0.960255, LAS=0.943339
05-18 17:37 - INFO - 
05-18 17:37 - INFO - Iter: 169-135200, Avg_loss: 0.52, 0.22, 0.2, 0.14, LR (0.000015), Best (157)
05-18 17:38 - INFO - Valid: UAS=0.957672, LAS=0.939140
05-18 17:38 - INFO - Test: UAS=0.960295, LAS=0.943419
05-18 17:42 - INFO - 
05-18 17:42 - INFO - Iter: 170-136000, Avg_loss: 0.51, 0.22, 0.2, 0.14, LR (0.000015), Best (157)
05-18 17:43 - INFO - Valid: UAS=0.957362, LAS=0.938915
05-18 17:43 - INFO - Test: UAS=0.960355, LAS=0.943439
05-18 17:47 - INFO - 
05-18 17:47 - INFO - Iter: 171-136800, Avg_loss: 0.52, 0.22, 0.2, 0.14, LR (0.000015), Best (157)
05-18 17:48 - INFO - Valid: UAS=0.957503, LAS=0.939056
05-18 17:48 - INFO - Test: UAS=0.960295, LAS=0.943399
05-18 17:52 - INFO - 
05-18 17:52 - INFO - Iter: 172-137600, Avg_loss: 0.52, 0.22, 0.2, 0.14, LR (0.000014), Best (157)
05-18 17:53 - INFO - Valid: UAS=0.957559, LAS=0.939197
05-18 17:53 - INFO - Test: UAS=0.960295, LAS=0.943319
05-18 17:57 - INFO - 
05-18 17:57 - INFO - Iter: 173-138400, Avg_loss: 0.52, 0.22, 0.2, 0.14, LR (0.000014), Best (157)
05-18 17:58 - INFO - Valid: UAS=0.957643, LAS=0.939140
05-18 17:58 - INFO - Test: UAS=0.960195, LAS=0.943279
05-18 18:02 - INFO - 
05-18 18:02 - INFO - Iter: 174-139200, Avg_loss: 0.51, 0.22, 0.2, 0.14, LR (0.000013), Best (157)
05-18 18:03 - INFO - Valid: UAS=0.957812, LAS=0.939450
05-18 18:04 - INFO - Test: UAS=0.960455, LAS=0.943539
05-18 18:08 - INFO - 
05-18 18:08 - INFO - Iter: 175-140000, Avg_loss: 0.52, 0.22, 0.2, 0.14, LR (0.000013), Best (174)
05-18 18:09 - INFO - Valid: UAS=0.957756, LAS=0.939309
05-18 18:09 - INFO - Test: UAS=0.960235, LAS=0.943339
05-18 18:13 - INFO - 
05-18 18:13 - INFO - Iter: 176-140800, Avg_loss: 0.52, 0.22, 0.2, 0.14, LR (0.000013), Best (174)
05-18 18:14 - INFO - Valid: UAS=0.957672, LAS=0.939225
05-18 18:14 - INFO - Test: UAS=0.960335, LAS=0.943539
05-18 18:18 - INFO - 
05-18 18:18 - INFO - Iter: 177-141600, Avg_loss: 0.52, 0.22, 0.2, 0.14, LR (0.000012), Best (174)
05-18 18:19 - INFO - Valid: UAS=0.957531, LAS=0.939112
05-18 18:19 - INFO - Test: UAS=0.960375, LAS=0.943519
05-18 18:24 - INFO - 
05-18 18:24 - INFO - Iter: 178-142400, Avg_loss: 0.52, 0.22, 0.2, 0.14, LR (0.000012), Best (174)
05-18 18:25 - INFO - Valid: UAS=0.957587, LAS=0.939169
05-18 18:25 - INFO - Test: UAS=0.960516, LAS=0.943639
05-18 18:29 - INFO - 
05-18 18:29 - INFO - Iter: 179-143200, Avg_loss: 0.52, 0.22, 0.2, 0.14, LR (0.000012), Best (174)
05-18 18:30 - INFO - Valid: UAS=0.957672, LAS=0.939225
05-18 18:30 - INFO - Test: UAS=0.960375, LAS=0.943579
05-18 18:34 - INFO - 
05-18 18:34 - INFO - Iter: 180-144000, Avg_loss: 0.52, 0.22, 0.2, 0.14, LR (0.000011), Best (174)
05-18 18:35 - INFO - Valid: UAS=0.957362, LAS=0.939056
05-18 18:35 - INFO - Test: UAS=0.960415, LAS=0.943599
05-18 18:39 - INFO - 
05-18 18:39 - INFO - Iter: 181-144800, Avg_loss: 0.51, 0.22, 0.2, 0.14, LR (0.000011), Best (174)
05-18 18:40 - INFO - Valid: UAS=0.957615, LAS=0.939084
05-18 18:40 - INFO - Test: UAS=0.960395, LAS=0.943559
05-18 18:44 - INFO - 
05-18 18:44 - INFO - Iter: 182-145600, Avg_loss: 0.52, 0.22, 0.2, 0.14, LR (0.000011), Best (174)
05-18 18:45 - INFO - Valid: UAS=0.957503, LAS=0.939112
05-18 18:45 - INFO - Test: UAS=0.960415, LAS=0.943559
05-18 18:50 - INFO - 
05-18 18:50 - INFO - Iter: 183-146400, Avg_loss: 0.52, 0.22, 0.2, 0.14, LR (0.000010), Best (174)
05-18 18:51 - INFO - Valid: UAS=0.957334, LAS=0.938971
05-18 18:51 - INFO - Test: UAS=0.960415, LAS=0.943499
05-18 18:55 - INFO - 
05-18 18:55 - INFO - Iter: 184-147200, Avg_loss: 0.52, 0.22, 0.2, 0.14, LR (0.000010), Best (174)
05-18 18:56 - INFO - Valid: UAS=0.957559, LAS=0.939140
05-18 18:56 - INFO - Test: UAS=0.960335, LAS=0.943539
05-18 19:00 - INFO - 
05-18 19:00 - INFO - Iter: 185-148000, Avg_loss: 0.51, 0.22, 0.2, 0.14, LR (0.000010), Best (174)
05-18 19:01 - INFO - Valid: UAS=0.957474, LAS=0.939056
05-18 19:01 - INFO - Test: UAS=0.960355, LAS=0.943539
05-18 19:05 - INFO - 
05-18 19:05 - INFO - Iter: 186-148800, Avg_loss: 0.52, 0.22, 0.2, 0.14, LR (0.000009), Best (174)
05-18 19:07 - INFO - Valid: UAS=0.957446, LAS=0.938887
05-18 19:07 - INFO - Test: UAS=0.960395, LAS=0.943579
05-18 19:11 - INFO - 
05-18 19:11 - INFO - Iter: 187-149600, Avg_loss: 0.52, 0.22, 0.2, 0.14, LR (0.000009), Best (174)
05-18 19:12 - INFO - Valid: UAS=0.957390, LAS=0.938887
05-18 19:12 - INFO - Test: UAS=0.960516, LAS=0.943579
05-18 19:14 - INFO - Best Results: UAS: 0.957812, LAS: 0.939450
05-18 19:17 - INFO - Test: UAS=0.960455, LAS=0.943539
